[2024-01-19 22:45:05,354] [INFO] => РџРѕРїС‹С‚РєР° РїРѕР»СѓС‡РёС‚СЊ РґР°С‚Сѓ
[2024-01-19 22:45:05,361] [INFO] => Р”Р°С‚Р° СѓСЃРїРµС€РЅРѕ РїРѕР»СѓС‡РµРЅР° 20240119
[2024-01-19 22:45:05,361] [INFO] => РќР°С‡РёРЅР°СЋ РїСЂРѕРІРµСЂРєСѓ С„Р»Р°РіРѕРІРѕРіРѕ С„Р°Р№Р»Р°
[2024-01-19 22:45:05,362] [INFO] => РџСЂРѕРґРѕР»Р¶Р°СЋ РІС‹РїРѕР»РЅРµРЅРёРµ - С„Р»Р°РіРѕРІС‹Р№ С„Р°Р№Р» РѕС‚СЃСѓС‚СЃС‚РІСѓРµС‚
[2024-01-19 22:45:05,362] [INFO] => Р—Р°РїСѓСЃРєР°СЋ РїРѕР»СѓС‡РµРЅРёРµ РґР°РЅРЅС‹С… РёР· РєРѕРЅС„РёРіР°
[2024-01-19 22:45:05,365] [INFO] => Р”Р°РЅРЅС‹Рµ РёР· РєРѕРЅС„РёРіР° РїРѕР»СѓС‡РµРЅС‹
[2024-01-19 22:45:05,365] [INFO] => РџС‹С‚Р°СЋСЃСЊ РїРѕР»СѓС‡РёС‚СЊ РґР°РЅРЅС‹Рµ РёР· Р¦Р‘
[2024-01-19 22:45:05,366] [DEBUG] => Start func get_data_from_cb
[2024-01-19 22:45:05,409] [DEBUG] => Starting new HTTPS connection (1): www.cbr-xml-daily.ru:443
[2024-01-19 22:46:07,435] [INFO] => РџРѕРїС‹С‚РєР° РїРѕР»СѓС‡РёС‚СЊ РґР°С‚Сѓ
[2024-01-19 22:46:07,436] [INFO] => Р”Р°С‚Р° СѓСЃРїРµС€РЅРѕ РїРѕР»СѓС‡РµРЅР° 20240119
[2024-01-19 22:46:07,436] [INFO] => РќР°С‡РёРЅР°СЋ РїСЂРѕРІРµСЂРєСѓ С„Р»Р°РіРѕРІРѕРіРѕ С„Р°Р№Р»Р°
[2024-01-19 22:46:07,436] [INFO] => РџСЂРѕРґРѕР»Р¶Р°СЋ РІС‹РїРѕР»РЅРµРЅРёРµ - С„Р»Р°РіРѕРІС‹Р№ С„Р°Р№Р» РѕС‚СЃСѓС‚СЃС‚РІСѓРµС‚
[2024-01-19 22:46:07,436] [INFO] => Р—Р°РїСѓСЃРєР°СЋ РїРѕР»СѓС‡РµРЅРёРµ РґР°РЅРЅС‹С… РёР· РєРѕРЅС„РёРіР°
[2024-01-19 22:46:07,448] [INFO] => Р”Р°РЅРЅС‹Рµ РёР· РєРѕРЅС„РёРіР° РїРѕР»СѓС‡РµРЅС‹
[2024-01-19 22:46:07,448] [INFO] => РџС‹С‚Р°СЋСЃСЊ РїРѕР»СѓС‡РёС‚СЊ РґР°РЅРЅС‹Рµ РёР· Р¦Р‘
[2024-01-19 22:46:07,448] [DEBUG] => Start func get_data_from_cb
[2024-01-19 22:46:07,480] [DEBUG] => Starting new HTTPS connection (1): www.cbr-xml-daily.ru:443
[2024-01-19 22:47:59,328] [INFO] => РџРѕРїС‹С‚РєР° РїРѕР»СѓС‡РёС‚СЊ РґР°С‚Сѓ
[2024-01-19 22:47:59,328] [INFO] => Р”Р°С‚Р° СѓСЃРїРµС€РЅРѕ РїРѕР»СѓС‡РµРЅР° 20240119
[2024-01-19 22:47:59,328] [INFO] => РќР°С‡РёРЅР°СЋ РїСЂРѕРІРµСЂРєСѓ С„Р»Р°РіРѕРІРѕРіРѕ С„Р°Р№Р»Р°
[2024-01-19 22:47:59,328] [INFO] => РџСЂРѕРґРѕР»Р¶Р°СЋ РІС‹РїРѕР»РЅРµРЅРёРµ - С„Р»Р°РіРѕРІС‹Р№ С„Р°Р№Р» РѕС‚СЃСѓС‚СЃС‚РІСѓРµС‚
[2024-01-19 22:47:59,329] [INFO] => Р—Р°РїСѓСЃРєР°СЋ РїРѕР»СѓС‡РµРЅРёРµ РґР°РЅРЅС‹С… РёР· РєРѕРЅС„РёРіР°
[2024-01-19 22:47:59,331] [INFO] => Р”Р°РЅРЅС‹Рµ РёР· РєРѕРЅС„РёРіР° РїРѕР»СѓС‡РµРЅС‹
[2024-01-19 22:47:59,331] [INFO] => РџС‹С‚Р°СЋСЃСЊ РїРѕР»СѓС‡РёС‚СЊ РґР°РЅРЅС‹Рµ РёР· Р¦Р‘
[2024-01-19 22:47:59,331] [DEBUG] => Start func get_data_from_cb
[2024-01-19 22:47:59,375] [DEBUG] => Starting new HTTPS connection (1): www.cbr-xml-daily.ru:443
[2024-01-19 22:53:42,624] [INFO] => РџРѕРїС‹С‚РєР° РїРѕР»СѓС‡РёС‚СЊ РґР°С‚Сѓ
[2024-01-19 22:53:42,625] [INFO] => Р”Р°С‚Р° СѓСЃРїРµС€РЅРѕ РїРѕР»СѓС‡РµРЅР° 20240119
[2024-01-19 22:53:42,625] [INFO] => РќР°С‡РёРЅР°СЋ РїСЂРѕРІРµСЂРєСѓ С„Р»Р°РіРѕРІРѕРіРѕ С„Р°Р№Р»Р°
[2024-01-19 22:53:42,625] [INFO] => РџСЂРѕРґРѕР»Р¶Р°СЋ РІС‹РїРѕР»РЅРµРЅРёРµ - С„Р»Р°РіРѕРІС‹Р№ С„Р°Р№Р» РѕС‚СЃСѓС‚СЃС‚РІСѓРµС‚
[2024-01-19 22:53:42,626] [INFO] => Р—Р°РїСѓСЃРєР°СЋ РїРѕР»СѓС‡РµРЅРёРµ РґР°РЅРЅС‹С… РёР· РєРѕРЅС„РёРіР°
[2024-01-19 22:53:42,628] [INFO] => Р”Р°РЅРЅС‹Рµ РёР· РєРѕРЅС„РёРіР° РїРѕР»СѓС‡РµРЅС‹
[2024-01-19 22:53:42,628] [INFO] => РџС‹С‚Р°СЋСЃСЊ РїРѕР»СѓС‡РёС‚СЊ РґР°РЅРЅС‹Рµ РёР· Р¦Р‘
[2024-01-19 22:53:42,628] [DEBUG] => Start func get_data_from_cb
[2024-01-19 22:53:42,666] [DEBUG] => Starting new HTTPS connection (1): www.cbr-xml-daily.ru:443
[2024-01-19 22:57:31,032] [INFO] => РџРѕРїС‹С‚РєР° РїРѕР»СѓС‡РёС‚СЊ РґР°С‚Сѓ
[2024-01-19 22:57:31,033] [INFO] => Р”Р°С‚Р° СѓСЃРїРµС€РЅРѕ РїРѕР»СѓС‡РµРЅР° 20240119
[2024-01-19 22:57:31,033] [INFO] => РќР°С‡РёРЅР°СЋ РїСЂРѕРІРµСЂРєСѓ С„Р»Р°РіРѕРІРѕРіРѕ С„Р°Р№Р»Р°
[2024-01-19 22:57:31,033] [INFO] => РџСЂРѕРґРѕР»Р¶Р°СЋ РІС‹РїРѕР»РЅРµРЅРёРµ - С„Р»Р°РіРѕРІС‹Р№ С„Р°Р№Р» РѕС‚СЃСѓС‚СЃС‚РІСѓРµС‚
[2024-01-19 22:57:31,034] [INFO] => Р—Р°РїСѓСЃРєР°СЋ РїРѕР»СѓС‡РµРЅРёРµ РґР°РЅРЅС‹С… РёР· РєРѕРЅС„РёРіР°
[2024-01-19 22:57:31,036] [INFO] => Р”Р°РЅРЅС‹Рµ РёР· РєРѕРЅС„РёРіР° РїРѕР»СѓС‡РµРЅС‹
[2024-01-19 22:57:31,042] [INFO] => РџС‹С‚Р°СЋСЃСЊ РїРѕР»СѓС‡РёС‚СЊ РґР°РЅРЅС‹Рµ РёР· Р¦Р‘
[2024-01-19 22:57:31,042] [DEBUG] => Start func get_data_from_cb
[2024-01-19 22:57:31,064] [DEBUG] => Starting new HTTPS connection (1): www.cbr-xml-daily.ru:443
[2024-02-08 17:25:17,825] [INFO] => пїЅпїЅпїЅпїЅпїЅпїЅпїЅ пїЅпїЅпїЅпїЅпїЅпїЅпїЅпїЅ пїЅпїЅпїЅпїЅ
[2024-02-08 17:25:17,826] [INFO] => пїЅпїЅпїЅпїЅ пїЅпїЅпїЅпїЅпїЅпїЅпїЅ пїЅпїЅпїЅпїЅпїЅпїЅпїЅпїЅ 20240208
[2024-02-08 17:25:17,827] [INFO] => пїЅпїЅпїЅпїЅпїЅпїЅпїЅ пїЅпїЅпїЅпїЅпїЅпїЅпїЅпїЅ пїЅпїЅпїЅпїЅпїЅпїЅпїЅпїЅпїЅ пїЅпїЅпїЅпїЅпїЅ
[2024-02-08 17:25:17,827] [INFO] => пїЅпїЅпїЅпїЅпїЅпїЅпїЅпїЅпїЅ пїЅпїЅпїЅпїЅпїЅпїЅпїЅпїЅпїЅпїЅ - пїЅпїЅпїЅпїЅпїЅпїЅпїЅпїЅ пїЅпїЅпїЅпїЅ пїЅпїЅпїЅпїЅпїЅпїЅпїЅпїЅпїЅпїЅпїЅ
[2024-02-08 17:25:17,827] [INFO] => пїЅпїЅпїЅпїЅпїЅпїЅпїЅпїЅ пїЅпїЅпїЅпїЅпїЅпїЅпїЅпїЅпїЅ пїЅпїЅпїЅпїЅпїЅпїЅ пїЅпїЅ пїЅпїЅпїЅпїЅпїЅпїЅпїЅ
[2024-02-08 17:25:17,853] [INFO] => пїЅпїЅпїЅпїЅпїЅпїЅ пїЅпїЅ пїЅпїЅпїЅпїЅпїЅпїЅпїЅ пїЅпїЅпїЅпїЅпїЅпїЅпїЅпїЅ
[2024-02-08 17:25:17,853] [INFO] => пїЅпїЅпїЅпїЅпїЅпїЅпїЅ пїЅпїЅпїЅпїЅпїЅпїЅпїЅпїЅ пїЅпїЅпїЅпїЅпїЅпїЅ пїЅпїЅ пїЅпїЅ
[2024-02-08 17:25:17,854] [DEBUG] => Start func get_data_from_cb
[2024-02-08 17:25:17,875] [DEBUG] => Starting new HTTPS connection (1): www.cbr-xml-daily.ru:443
[2024-02-08 17:25:18,485] [DEBUG] => https://www.cbr-xml-daily.ru:443 "GET /daily_json.js HTTP/1.1" 200 2033
[2024-02-08 17:25:18,494] [DEBUG] => data successfully received from the Central Bank
[2024-02-08 17:25:18,496] [DEBUG] => json has been successfully received
[2024-02-08 17:25:18,496] [DEBUG] => An empty dictionary has been created
[2024-02-08 17:25:18,497] [DEBUG] => fuction return data {'AUD': 59.526, 'AZN': 53.68, 'GBP': 115.275, 'AMD': 0.226, 'BYN': 28.294, 'BGN': 50.279, 'BRL': 18.397, 'HUF': 0.254, 'VND': 0.004, 'HKD': 11.689, 'GEL': 34.317, 'DKK': 13.184, 'AED': 24.849, 'USD': 91.256, 'EUR': 98.354, 'EGP': 2.954, 'INR': 1.1, 'IDR': 0.006, 'KZT': 0.202, 'CAD': 67.753, 'QAR': 25.07, 'KGS': 1.02, 'CNY': 12.635, 'MDL': 5.121, 'NZD': 55.794, 'NOK': 8.644, 'PLN': 22.649, 'RON': 19.755, 'XDR': 121.029, 'SGD': 67.909, 'TJS': 8.328, 'THB': 2.556, 'TRY': 2.986, 'TMT': 26.073, 'UZS': 0.007, 'UAH': 2.427, 'CZK': 3.937, 'SEK': 8.724, 'CHF': 104.556, 'RSD': 0.84, 'ZAR': 4.811, 'KRW': 0.069, 'JPY': 0.617}
[2024-02-08 17:25:18,503] [INFO] => пїЅпїЅпїЅпїЅпїЅпїЅпїЅ пїЅпїЅпїЅпїЅпїЅпїЅ пїЅпїЅ пїЅпїЅ
[2024-02-08 17:25:18,503] [INFO] => пїЅпїЅпїЅпїЅпїЅпїЅпїЅ пїЅпїЅпїЅпїЅпїЅпїЅпїЅ пїЅпїЅпїЅпїЅпїЅпїЅпїЅпїЅпїЅпїЅпїЅ пїЅ пїЅпїЅ
[2024-02-08 17:25:19,057] [INFO] => пїЅпїЅпїЅпїЅпїЅпїЅ пїЅпїЅпїЅпїЅпїЅпїЅпїЅпїЅпїЅпїЅпїЅ пїЅ пїЅпїЅ
[2024-02-08 17:25:19,058] [INFO] => пїЅпїЅпїЅпїЅпїЅпїЅпїЅ пїЅпїЅпїЅпїЅпїЅпїЅ пїЅпїЅпїЅпїЅпїЅпїЅ пїЅ пїЅпїЅ
[2024-02-08 17:25:19,579] [INFO] => пїЅпїЅпїЅпїЅ пїЅпїЅпїЅпїЅпїЅпїЅ пїЅ пїЅпїЅ
[2024-02-08 17:25:19,580] [INFO] => пїЅпїЅпїЅпїЅпїЅпїЅпїЅпїЅ пїЅпїЅпїЅпїЅпїЅпїЅпїЅпїЅпїЅ пїЅпїЅпїЅпїЅпїЅпїЅпїЅпїЅ пїЅ пїЅпїЅ
[2024-02-08 17:25:19,582] [INFO] => пїЅпїЅпїЅпїЅпїЅпїЅ пїЅпїЅпїЅпїЅпїЅпїЅпїЅ пїЅ пїЅпїЅ, пїЅпїЅпїЅпїЅпїЅпїЅпїЅпїЅ пїЅпїЅпїЅпїЅ пїЅпїЅпїЅпїЅпїЅпїЅ!
[2024-02-09 18:48:14,361] [INFO] => Попытка получить дату
[2024-02-09 18:48:14,364] [INFO] => Дата успешно получена 20240209
[2024-02-09 18:48:14,365] [INFO] => Начинаю проверку флагового файла
[2024-02-09 18:48:14,366] [INFO] => Продолжаю выполнение - флаговый файл отсутствует
[2024-02-09 18:48:14,367] [INFO] => Запускаю получение данных из конфига
[2024-02-09 18:48:14,405] [INFO] => Данные из конфига получены
[2024-02-09 18:48:14,408] [INFO] => Пытаюсь получить данные из ЦБ
[2024-02-09 18:48:14,410] [DEBUG] => Start func get_data_from_cb
[2024-02-09 18:48:14,457] [DEBUG] => Starting new HTTPS connection (1): www.cbr-xml-daily.ru:443
[2024-02-09 18:48:15,138] [DEBUG] => https://www.cbr-xml-daily.ru:443 "GET /daily_json.js HTTP/1.1" 200 2053
[2024-02-09 18:48:15,145] [DEBUG] => data successfully received from the Central Bank
[2024-02-09 18:48:15,148] [DEBUG] => json has been successfully received
[2024-02-09 18:48:15,149] [DEBUG] => An empty dictionary has been created
[2024-02-09 18:48:15,150] [DEBUG] => fuction return data {'AUD': 59.006, 'AZN': 53.465, 'GBP': 114.567, 'AMD': 0.225, 'BYN': 28.265, 'BGN': 49.994, 'BRL': 18.251, 'HUF': 0.252, 'VND': 0.004, 'HKD': 11.644, 'GEL': 34.204, 'DKK': 13.114, 'AED': 24.749, 'USD': 90.89, 'EUR': 97.936, 'EGP': 2.942, 'INR': 1.097, 'IDR': 0.006, 'KZT': 0.202, 'CAD': 67.491, 'QAR': 24.97, 'KGS': 1.016, 'CNY': 12.541, 'MDL': 5.097, 'NZD': 55.575, 'NOK': 8.568, 'PLN': 22.668, 'RON': 19.667, 'XDR': 120.418, 'SGD': 67.481, 'TJS': 8.293, 'THB': 2.531, 'TRY': 2.974, 'TMT': 25.969, 'UZS': 0.007, 'UAH': 2.419, 'CZK': 3.919, 'SEK': 8.676, 'CHF': 103.791, 'RSD': 0.836, 'ZAR': 4.781, 'KRW': 0.068, 'JPY': 0.608}
[2024-02-09 18:48:15,158] [INFO] => Получил данные из ЦБ
[2024-02-09 18:48:15,158] [INFO] => Пытаюсь создать подключение к БД
[2024-02-09 18:48:15,192] [INFO] => Создал подключение к БД
[2024-02-09 18:48:15,193] [INFO] => Пытаюсь внести данные в БД
[2024-02-09 18:48:16,596] [INFO] => Внес данные в БД
[2024-02-09 18:48:16,596] [INFO] => Проверяю результат внесения в бд
[2024-02-09 18:48:16,599] [INFO] => Данные внесены в БД, флаговый файл создан!
